<?xml version="1.0" encoding="UTF-8"?>
<!-- Generated by org.testng.reporters.JUnitReportReporter -->
<testsuite hostname="BF-20180428VRFN" name="com.qj.api.auto.cases.NotNeedLoginCaseProcessorTest2" tests="4" failures="0" timestamp="2 Apr 2019 13:50:33 GMT" time="0.427" errors="0">
  <testcase name="login" time="0.105" classname="com.qj.api.auto.cases.NotNeedLoginCaseProcessorTest2"/>
  <testcase name="register1" time="0.124" classname="com.qj.api.auto.cases.NotNeedLoginCaseProcessorTest2"/>
  <testcase name="login" time="0.100" classname="com.qj.api.auto.cases.NotNeedLoginCaseProcessorTest2"/>
  <testcase name="register1" time="0.098" classname="com.qj.api.auto.cases.NotNeedLoginCaseProcessorTest2"/>
</testsuite> <!-- com.qj.api.auto.cases.NotNeedLoginCaseProcessorTest2 -->
