<?xml version="1.0" encoding="UTF-8"?>
<!-- Generated by org.testng.reporters.JUnitReportReporter -->
<testsuite hostname="BF-20180428VRFN" name="com.qj.api.auto.cases.caseProcessor" tests="10" failures="0" timestamp="2 Mar 2019 05:11:41 GMT" time="5.782" errors="0">
  <testcase name="loanAdd" time="0.577" classname="com.qj.api.auto.cases.caseProcessor"/>
  <testcase name="loanAdd" time="0.506" classname="com.qj.api.auto.cases.caseProcessor"/>
  <testcase name="loanAdd" time="1.387" classname="com.qj.api.auto.cases.caseProcessor"/>
  <testcase name="loanAdd" time="0.464" classname="com.qj.api.auto.cases.caseProcessor"/>
  <testcase name="loanAdd" time="0.490" classname="com.qj.api.auto.cases.caseProcessor"/>
  <testcase name="loanAdd" time="0.622" classname="com.qj.api.auto.cases.caseProcessor"/>
  <testcase name="loanAdd" time="0.598" classname="com.qj.api.auto.cases.caseProcessor"/>
  <testcase name="loanAdd" time="0.531" classname="com.qj.api.auto.cases.caseProcessor"/>
  <testcase name="loanAdd" time="0.468" classname="com.qj.api.auto.cases.caseProcessor"/>
  <testcase name="loanAudit" time="0.139" classname="com.qj.api.auto.cases.caseProcessor"/>
</testsuite> <!-- com.qj.api.auto.cases.caseProcessor -->
