<?xml version="1.0" encoding="UTF-8"?>
<!-- Generated by org.testng.reporters.JUnitReportReporter -->
<testsuite hostname="BF-20180428VRFN" name="com.qj.api.auto.cases.InfoCase" tests="1" failures="0" timestamp="2 Mar 2019 11:44:03 GMT" time="0.150" errors="0">
  <testcase name="test1" time="0.150" classname="com.qj.api.auto.cases.InfoCase"/>
</testsuite> <!-- com.qj.api.auto.cases.InfoCase -->
