<?xml version="1.0" encoding="UTF-8"?>
<!-- Generated by org.testng.reporters.JUnitReportReporter -->
<testsuite hostname="BF-20180428VRFN" name="com.qj.api.auto.cases.RechargeCase" tests="9" failures="0" timestamp="26 Nov 2018 07:36:02 GMT" time="0.815" errors="0">
  <testcase name="test1" time="0.057" classname="com.qj.api.auto.cases.RechargeCase"/>
  <testcase name="test1" time="0.060" classname="com.qj.api.auto.cases.RechargeCase"/>
  <testcase name="test1" time="0.043" classname="com.qj.api.auto.cases.RechargeCase"/>
  <testcase name="test1" time="0.033" classname="com.qj.api.auto.cases.RechargeCase"/>
  <testcase name="test1" time="0.435" classname="com.qj.api.auto.cases.RechargeCase"/>
  <testcase name="test1" time="0.048" classname="com.qj.api.auto.cases.RechargeCase"/>
  <testcase name="test1" time="0.046" classname="com.qj.api.auto.cases.RechargeCase"/>
  <testcase name="test1" time="0.059" classname="com.qj.api.auto.cases.RechargeCase"/>
  <testcase name="test1" time="0.034" classname="com.qj.api.auto.cases.RechargeCase"/>
</testsuite> <!-- com.qj.api.auto.cases.RechargeCase -->
