<?xml version="1.0" encoding="UTF-8"?>
<!-- Generated by org.testng.reporters.JUnitReportReporter -->
<testsuite hostname="BF-20180428VRFN" name="com.qj.api.auto.RegisterCase_v7" tests="6" failures="0" timestamp="20 Nov 2018 16:10:09 GMT" time="0.184" errors="0">
  <testcase name="test1" time="0.033" classname="com.qj.api.auto.RegisterCase_v7"/>
  <testcase name="test1" time="0.028" classname="com.qj.api.auto.RegisterCase_v7"/>
  <testcase name="test1" time="0.032" classname="com.qj.api.auto.RegisterCase_v7"/>
  <testcase name="test1" time="0.032" classname="com.qj.api.auto.RegisterCase_v7"/>
  <testcase name="test1" time="0.037" classname="com.qj.api.auto.RegisterCase_v7"/>
  <testcase name="test1" time="0.022" classname="com.qj.api.auto.RegisterCase_v7"/>
</testsuite> <!-- com.qj.api.auto.RegisterCase_v7 -->
