<?xml version="1.0" encoding="UTF-8"?>
<!-- Generated by org.testng.reporters.JUnitReportReporter -->
<testsuite hostname="BF-20180428VRFN" name="com.qj.api.auto.cases.RegisterCase_v7" tests="5" failures="0" timestamp="25 Feb 2019 02:34:21 GMT" time="6.796" errors="0">
  <testcase name="test1" time="0.116" classname="com.qj.api.auto.cases.RegisterCase_v7"/>
  <testcase name="test1" time="0.104" classname="com.qj.api.auto.cases.RegisterCase_v7"/>
  <testcase name="test1" time="0.126" classname="com.qj.api.auto.cases.RegisterCase_v7"/>
  <testcase name="test1" time="0.159" classname="com.qj.api.auto.cases.RegisterCase_v7"/>
  <testcase name="test1" time="6.291" classname="com.qj.api.auto.cases.RegisterCase_v7"/>
</testsuite> <!-- com.qj.api.auto.cases.RegisterCase_v7 -->
