<?xml version="1.0" encoding="UTF-8"?>
<!-- Generated by org.testng.reporters.JUnitReportReporter -->
<testsuite hostname="BF-20180428VRFN" name="com.qj.api.auto.cases.RechargeCase" tests="1" failures="0" timestamp="25 Feb 2019 02:34:21 GMT" time="0.395" errors="0">
  <testcase name="test1" time="0.395" classname="com.qj.api.auto.cases.RechargeCase"/>
</testsuite> <!-- com.qj.api.auto.cases.RechargeCase -->
