<?xml version="1.0" encoding="UTF-8"?>
<!-- Generated by org.testng.reporters.JUnitReportReporter -->
<testsuite hostname="BF-20180428VRFN" name="com.qj.api.auto.cases.LoginCase" tests="5" failures="0" timestamp="1 Feb 2019 12:55:15 GMT" time="0.709" errors="0">
  <testcase name="test1" time="0.107" classname="com.qj.api.auto.cases.LoginCase"/>
  <testcase name="test1" time="0.166" classname="com.qj.api.auto.cases.LoginCase"/>
  <testcase name="test1" time="0.117" classname="com.qj.api.auto.cases.LoginCase"/>
  <testcase name="test1" time="0.156" classname="com.qj.api.auto.cases.LoginCase"/>
  <testcase name="test1" time="0.163" classname="com.qj.api.auto.cases.LoginCase"/>
</testsuite> <!-- com.qj.api.auto.cases.LoginCase -->
