<?xml version="1.0" encoding="UTF-8"?>
<!-- Generated by org.testng.reporters.JUnitReportReporter -->
<testsuite hostname="BF-20180428VRFN" name="com.qj.api.auto.cases.NotNeedLoginCaseProcessorTest" tests="2" failures="0" timestamp="2 Apr 2019 13:14:44 GMT" time="2.159" errors="0">
  <testcase name="register" time="0.077" classname="com.qj.api.auto.cases.NotNeedLoginCaseProcessorTest"/>
  <testcase name="register" time="2.082" classname="com.qj.api.auto.cases.NotNeedLoginCaseProcessorTest"/>
</testsuite> <!-- com.qj.api.auto.cases.NotNeedLoginCaseProcessorTest -->
