<?xml version="1.0" encoding="UTF-8"?>
<!-- Generated by org.testng.reporters.JUnitReportReporter -->
<testsuite hostname="BF-20180428VRFN" name="com.qj.api.auto.cases.LoginSingle" tests="1" failures="0" timestamp="28 Feb 2019 11:48:01 GMT" time="0.806" errors="0">
  <testcase name="loginSingle" time="0.806" classname="com.qj.api.auto.cases.LoginSingle"/>
</testsuite> <!-- com.qj.api.auto.cases.LoginSingle -->
