<?xml version="1.0" encoding="UTF-8"?>
<!-- Generated by org.testng.reporters.JUnitReportReporter -->
<testsuite hostname="BF-20180428VRFN" name="com.qj.api.auto.cases.NotNeedLoginCaseProcessorTest" tests="12" failures="0" timestamp="5 Mar 2019 17:34:28 GMT" time="4.204" errors="0">
  <testcase name="register" time="1.500" classname="com.qj.api.auto.cases.NotNeedLoginCaseProcessorTest"/>
  <testcase name="register" time="0.116" classname="com.qj.api.auto.cases.NotNeedLoginCaseProcessorTest"/>
  <testcase name="register" time="0.100" classname="com.qj.api.auto.cases.NotNeedLoginCaseProcessorTest"/>
  <testcase name="login" time="0.139" classname="com.qj.api.auto.cases.NotNeedLoginCaseProcessorTest"/>
  <testcase name="toAddProjectUserId" time="0.511" classname="com.qj.api.auto.cases.NotNeedLoginCaseProcessorTest"/>
  <testcase name="login" time="0.147" classname="com.qj.api.auto.cases.NotNeedLoginCaseProcessorTest"/>
  <testcase name="register" time="1.123" classname="com.qj.api.auto.cases.NotNeedLoginCaseProcessorTest"/>
  <testcase name="register" time="0.095" classname="com.qj.api.auto.cases.NotNeedLoginCaseProcessorTest"/>
  <testcase name="register" time="0.121" classname="com.qj.api.auto.cases.NotNeedLoginCaseProcessorTest"/>
  <testcase name="login" time="0.124" classname="com.qj.api.auto.cases.NotNeedLoginCaseProcessorTest"/>
  <testcase name="login" time="0.121" classname="com.qj.api.auto.cases.NotNeedLoginCaseProcessorTest"/>
  <testcase name="login" time="0.107" classname="com.qj.api.auto.cases.NotNeedLoginCaseProcessorTest"/>
</testsuite> <!-- com.qj.api.auto.cases.NotNeedLoginCaseProcessorTest -->
