<?xml version="1.0" encoding="UTF-8"?>
<!-- Generated by org.testng.reporters.JUnitReportReporter -->
<testsuite hostname="BF-20180428VRFN" name="com.qj.api.auto.cases.NotNeedLoginCaseProcessor" tests="12" failures="0" timestamp="2 Mar 2019 13:38:36 GMT" time="3.759" errors="0">
  <testcase name="login" time="1.369" classname="com.qj.api.auto.cases.NotNeedLoginCaseProcessor"/>
  <testcase name="login" time="0.098" classname="com.qj.api.auto.cases.NotNeedLoginCaseProcessor"/>
  <testcase name="register" time="0.131" classname="com.qj.api.auto.cases.NotNeedLoginCaseProcessor"/>
  <testcase name="login" time="0.094" classname="com.qj.api.auto.cases.NotNeedLoginCaseProcessor"/>
  <testcase name="register" time="0.110" classname="com.qj.api.auto.cases.NotNeedLoginCaseProcessor"/>
  <testcase name="register" time="0.112" classname="com.qj.api.auto.cases.NotNeedLoginCaseProcessor"/>
  <testcase name="register" time="0.092" classname="com.qj.api.auto.cases.NotNeedLoginCaseProcessor"/>
  <testcase name="register" time="1.029" classname="com.qj.api.auto.cases.NotNeedLoginCaseProcessor"/>
  <testcase name="login" time="0.122" classname="com.qj.api.auto.cases.NotNeedLoginCaseProcessor"/>
  <testcase name="login" time="0.095" classname="com.qj.api.auto.cases.NotNeedLoginCaseProcessor"/>
  <testcase name="register" time="0.111" classname="com.qj.api.auto.cases.NotNeedLoginCaseProcessor"/>
  <testcase name="toAddProjectUserId" time="0.396" classname="com.qj.api.auto.cases.NotNeedLoginCaseProcessor"/>
</testsuite> <!-- com.qj.api.auto.cases.NotNeedLoginCaseProcessor -->
