<?xml version="1.0" encoding="UTF-8"?>
<!-- Generated by org.testng.reporters.JUnitReportReporter -->
<testsuite hostname="BF-20180428VRFN" name="com.qj.api.auto.cases.NeedLoginCaseProcessor" tests="10" failures="0" timestamp="2 Mar 2019 12:44:00 GMT" time="4.821" errors="0">
  <testcase name="loanAdd" time="0.592" classname="com.qj.api.auto.cases.NeedLoginCaseProcessor"/>
  <testcase name="loanAdd" time="0.492" classname="com.qj.api.auto.cases.NeedLoginCaseProcessor"/>
  <testcase name="loanAdd" time="0.498" classname="com.qj.api.auto.cases.NeedLoginCaseProcessor"/>
  <testcase name="loanAdd" time="0.497" classname="com.qj.api.auto.cases.NeedLoginCaseProcessor"/>
  <testcase name="loanAdd" time="0.531" classname="com.qj.api.auto.cases.NeedLoginCaseProcessor"/>
  <testcase name="loanAdd" time="0.484" classname="com.qj.api.auto.cases.NeedLoginCaseProcessor"/>
  <testcase name="loanAdd" time="0.477" classname="com.qj.api.auto.cases.NeedLoginCaseProcessor"/>
  <testcase name="loanAdd" time="0.593" classname="com.qj.api.auto.cases.NeedLoginCaseProcessor"/>
  <testcase name="loanAudit" time="0.100" classname="com.qj.api.auto.cases.NeedLoginCaseProcessor"/>
  <testcase name="loanAdd" time="0.557" classname="com.qj.api.auto.cases.NeedLoginCaseProcessor"/>
</testsuite> <!-- com.qj.api.auto.cases.NeedLoginCaseProcessor -->
