<?xml version="1.0" encoding="UTF-8"?>
<!-- Generated by org.testng.reporters.JUnitReportReporter -->
<testsuite hostname="BF-20180428VRFN" name="com.qj.api.auto.cases.NotNeedLoginCaseProcessorTest" tests="12" failures="0" timestamp="4 Mar 2019 11:40:37 GMT" time="3.957" errors="0">
  <testcase name="login" time="0.101" classname="com.qj.api.auto.cases.NotNeedLoginCaseProcessorTest"/>
  <testcase name="login" time="0.087" classname="com.qj.api.auto.cases.NotNeedLoginCaseProcessorTest"/>
  <testcase name="register" time="0.115" classname="com.qj.api.auto.cases.NotNeedLoginCaseProcessorTest"/>
  <testcase name="login" time="0.133" classname="com.qj.api.auto.cases.NotNeedLoginCaseProcessorTest"/>
  <testcase name="register" time="0.999" classname="com.qj.api.auto.cases.NotNeedLoginCaseProcessorTest"/>
  <testcase name="toAddProjectUserId" time="0.398" classname="com.qj.api.auto.cases.NotNeedLoginCaseProcessorTest"/>
  <testcase name="register" time="0.103" classname="com.qj.api.auto.cases.NotNeedLoginCaseProcessorTest"/>
  <testcase name="login" time="0.120" classname="com.qj.api.auto.cases.NotNeedLoginCaseProcessorTest"/>
  <testcase name="register" time="1.515" classname="com.qj.api.auto.cases.NotNeedLoginCaseProcessorTest"/>
  <testcase name="register" time="0.132" classname="com.qj.api.auto.cases.NotNeedLoginCaseProcessorTest"/>
  <testcase name="login" time="0.104" classname="com.qj.api.auto.cases.NotNeedLoginCaseProcessorTest"/>
  <testcase name="register" time="0.150" classname="com.qj.api.auto.cases.NotNeedLoginCaseProcessorTest"/>
</testsuite> <!-- com.qj.api.auto.cases.NotNeedLoginCaseProcessorTest -->
