<?xml version="1.0" encoding="UTF-8"?>
<!-- Generated by org.testng.reporters.JUnitReportReporter -->
<testsuite hostname="BF-20180428VRFN" name="com.qj.api.auto.RegisterCase_v5" tests="6" failures="0" timestamp="25 Oct 2018 11:03:40 GMT" time="0.780" errors="0">
  <testcase name="test1" time="0.027" classname="com.qj.api.auto.RegisterCase_v5"/>
  <testcase name="test1" time="0.037" classname="com.qj.api.auto.RegisterCase_v5"/>
  <testcase name="test1" time="0.025" classname="com.qj.api.auto.RegisterCase_v5"/>
  <testcase name="test1" time="0.646" classname="com.qj.api.auto.RegisterCase_v5"/>
  <testcase name="test1" time="0.021" classname="com.qj.api.auto.RegisterCase_v5"/>
  <testcase name="test1" time="0.024" classname="com.qj.api.auto.RegisterCase_v5"/>
</testsuite> <!-- com.qj.api.auto.RegisterCase_v5 -->
