<?xml version="1.0" encoding="UTF-8"?>
<!-- Generated by org.testng.reporters.JUnitReportReporter -->
<testsuite hostname="BF-20180428VRFN" name="com.qj.api.auto.RegisterCase_v2" tests="6" failures="0" timestamp="24 Oct 2018 23:36:15 GMT" time="0.731" errors="0">
  <testcase name="test1" time="0.031" classname="com.qj.api.auto.RegisterCase_v2"/>
  <testcase name="test1" time="0.032" classname="com.qj.api.auto.RegisterCase_v2"/>
  <testcase name="test1" time="0.031" classname="com.qj.api.auto.RegisterCase_v2"/>
  <testcase name="test1" time="0.032" classname="com.qj.api.auto.RegisterCase_v2"/>
  <testcase name="test1" time="0.590" classname="com.qj.api.auto.RegisterCase_v2"/>
  <testcase name="test1" time="0.015" classname="com.qj.api.auto.RegisterCase_v2"/>
</testsuite> <!-- com.qj.api.auto.RegisterCase_v2 -->
