<?xml version="1.0" encoding="UTF-8"?>
<!-- Generated by org.testng.reporters.JUnitReportReporter -->
<testsuite hostname="BF-20180428VRFN" name="com.qj.api.auto.RegisterCase" tests="6" failures="0" timestamp="23 Oct 2018 10:42:44 GMT" time="0.748" errors="0">
  <testcase name="test4" time="0.025" classname="com.qj.api.auto.RegisterCase"/>
  <testcase name="test5" time="0.020" classname="com.qj.api.auto.RegisterCase"/>
  <testcase name="test3" time="0.040" classname="com.qj.api.auto.RegisterCase"/>
  <testcase name="test1" time="0.615" classname="com.qj.api.auto.RegisterCase"/>
  <testcase name="test2" time="0.025" classname="com.qj.api.auto.RegisterCase"/>
  <testcase name="test6" time="0.023" classname="com.qj.api.auto.RegisterCase"/>
</testsuite> <!-- com.qj.api.auto.RegisterCase -->
